Determining if the pthread_create exist failed with the following output:
Change Dir: /home/julian/Documents/senior_design_2017/pcl/rotate_and_concat/build/CMakeFiles/CMakeTmp

Run Build Command:"/usr/bin/make" "cmTC_deddd/fast"
/usr/bin/make -f CMakeFiles/cmTC_deddd.dir/build.make CMakeFiles/cmTC_deddd.dir/build
make[1]: Entering directory '/home/julian/Documents/senior_design_2017/pcl/rotate_and_concat/build/CMakeFiles/CMakeTmp'
Building C object CMakeFiles/cmTC_deddd.dir/CheckSymbolExists.c.o
/usr/bin/cc     -o CMakeFiles/cmTC_deddd.dir/CheckSymbolExists.c.o   -c /home/julian/Documents/senior_design_2017/pcl/rotate_and_concat/build/CMakeFiles/CMakeTmp/CheckSymbolExists.c
Linking C executable cmTC_deddd
/usr/bin/cmake -E cmake_link_script CMakeFiles/cmTC_deddd.dir/link.txt --verbose=1
/usr/bin/cc       CMakeFiles/cmTC_deddd.dir/CheckSymbolExists.c.o  -o cmTC_deddd -rdynamic 
CMakeFiles/cmTC_deddd.dir/CheckSymbolExists.c.o: In function `main':
CheckSymbolExists.c:(.text+0x16): undefined reference to `pthread_create'
collect2: error: ld returned 1 exit status
CMakeFiles/cmTC_deddd.dir/build.make:97: recipe for target 'cmTC_deddd' failed
make[1]: *** [cmTC_deddd] Error 1
make[1]: Leaving directory '/home/julian/Documents/senior_design_2017/pcl/rotate_and_concat/build/CMakeFiles/CMakeTmp'
Makefile:126: recipe for target 'cmTC_deddd/fast' failed
make: *** [cmTC_deddd/fast] Error 2

File /home/julian/Documents/senior_design_2017/pcl/rotate_and_concat/build/CMakeFiles/CMakeTmp/CheckSymbolExists.c:
/* */
#include <pthread.h>

int main(int argc, char** argv)
{
  (void)argv;
#ifndef pthread_create
  return ((int*)(&pthread_create))[argc];
#else
  (void)argc;
  return 0;
#endif
}

Determining if the function pthread_create exists in the pthreads failed with the following output:
Change Dir: /home/julian/Documents/senior_design_2017/pcl/rotate_and_concat/build/CMakeFiles/CMakeTmp

Run Build Command:"/usr/bin/make" "cmTC_c4a8f/fast"
/usr/bin/make -f CMakeFiles/cmTC_c4a8f.dir/build.make CMakeFiles/cmTC_c4a8f.dir/build
make[1]: Entering directory '/home/julian/Documents/senior_design_2017/pcl/rotate_and_concat/build/CMakeFiles/CMakeTmp'
Building C object CMakeFiles/cmTC_c4a8f.dir/CheckFunctionExists.c.o
/usr/bin/cc    -DCHECK_FUNCTION_EXISTS=pthread_create   -o CMakeFiles/cmTC_c4a8f.dir/CheckFunctionExists.c.o   -c /usr/share/cmake-3.5/Modules/CheckFunctionExists.c
Linking C executable cmTC_c4a8f
/usr/bin/cmake -E cmake_link_script CMakeFiles/cmTC_c4a8f.dir/link.txt --verbose=1
/usr/bin/cc   -DCHECK_FUNCTION_EXISTS=pthread_create    CMakeFiles/cmTC_c4a8f.dir/CheckFunctionExists.c.o  -o cmTC_c4a8f -rdynamic -lpthreads 
/usr/bin/ld: cannot find -lpthreads
collect2: error: ld returned 1 exit status
CMakeFiles/cmTC_c4a8f.dir/build.make:97: recipe for target 'cmTC_c4a8f' failed
make[1]: *** [cmTC_c4a8f] Error 1
make[1]: Leaving directory '/home/julian/Documents/senior_design_2017/pcl/rotate_and_concat/build/CMakeFiles/CMakeTmp'
Makefile:126: recipe for target 'cmTC_c4a8f/fast' failed
make: *** [cmTC_c4a8f/fast] Error 2


